c:\users\usuario\desktop\finalcompiladores\projectfinal\bin\intermediates\win32\debug\vc141.pdb
c:\users\usuario\desktop\finalcompiladores\projectfinal\bin\intermediates\win32\debug\main.obj
c:\users\usuario\desktop\finalcompiladores\projectfinal\bin\intermediates\win32\debug\frmlogin.obj
c:\users\usuario\desktop\finalcompiladores\projectfinal\bin\intermediates\win32\debug\frmprincipal.obj
c:\users\usuario\desktop\finalcompiladores\projectfinal\bin\intermediates\win32\debug\frmproveedor.obj
c:\users\usuario\desktop\finalcompiladores\projectfinal\bin\intermediates\win32\debug\frmempleado.obj
c:\users\usuario\desktop\finalcompiladores\projectfinal\bin\intermediates\win32\debug\frmcliente.obj
c:\users\usuario\desktop\finalcompiladores\projectfinal\bin\intermediates\win32\debug\frmproducto.obj
c:\users\usuario\desktop\finalcompiladores\projectfinal\bin\intermediates\win32\debug\.netframework,version=v4.5.1.assemblyattributes.obj
c:\users\usuario\desktop\finalcompiladores\projectfinal\bin\intermediates\win32\debug\.netframework,version=v4.5.1.assemblyattributes.asm
c:\users\usuario\desktop\finalcompiladores\projectfinal\bin\intermediates\win32\debug\frmregistrosalidas.obj
c:\users\usuario\desktop\finalcompiladores\projectfinal\bin\intermediates\win32\debug\frmregistroingresos.obj
c:\users\usuario\desktop\finalcompiladores\projectfinal\bin\intermediates\win32\debug\frmregistrarventa.obj
c:\users\usuario\desktop\finalcompiladores\projectfinal\bin\intermediates\win32\debug\frmregistrarcompra.obj
c:\users\usuario\desktop\finalcompiladores\projectfinal\bin\win32\debug\projectfinal.exe
c:\users\usuario\desktop\finalcompiladores\projectfinal\bin\win32\debug\projectfinal.pdb
c:\users\usuario\desktop\finalcompiladores\projectfinal\bin\intermediates\win32\debug\projectfinal.frmlogin.resources
c:\users\usuario\desktop\finalcompiladores\projectfinal\bin\intermediates\win32\debug\projectfinal.frmprincipal.resources
c:\users\usuario\desktop\finalcompiladores\projectfinal\bin\intermediates\win32\debug\projectfinal.frmcliente.resources
c:\users\usuario\desktop\finalcompiladores\projectfinal\bin\intermediates\win32\debug\projectfinal.frmempleado.resources
c:\users\usuario\desktop\finalcompiladores\projectfinal\bin\intermediates\win32\debug\projectfinal.frmproducto.resources
c:\users\usuario\desktop\finalcompiladores\projectfinal\bin\intermediates\win32\debug\projectfinal.frmproveedor.resources
c:\users\usuario\desktop\finalcompiladores\projectfinal\bin\intermediates\win32\debug\projectfinal.frmregistrarventa.resources
c:\users\usuario\desktop\finalcompiladores\projectfinal\bin\intermediates\win32\debug\projectfinal.vcxproj.generateresource.cache
c:\users\usuario\desktop\finalcompiladores\projectfinal\bin\intermediates\win32\debug\projectfinal.vcxprojassemblyreference.cache
c:\users\usuario\desktop\finalcompiladores\projectfinal\\bin\win32\debug\projectfinal.pdb
c:\users\usuario\desktop\finalcompiladores\projectfinal\\bin\win32\debug\projectfinal.exe
c:\users\usuario\desktop\finalcompiladores\projectfinal\bin\intermediates\win32\debug\projectfinal.tlog\cl.command.1.tlog
c:\users\usuario\desktop\finalcompiladores\projectfinal\bin\intermediates\win32\debug\projectfinal.tlog\cl.read.1.tlog
c:\users\usuario\desktop\finalcompiladores\projectfinal\bin\intermediates\win32\debug\projectfinal.tlog\cl.write.1.tlog
c:\users\usuario\desktop\finalcompiladores\projectfinal\bin\intermediates\win32\debug\projectfinal.tlog\link.command.1.tlog
c:\users\usuario\desktop\finalcompiladores\projectfinal\bin\intermediates\win32\debug\projectfinal.tlog\link.read.1.tlog
c:\users\usuario\desktop\finalcompiladores\projectfinal\bin\intermediates\win32\debug\projectfinal.tlog\link.write.1.tlog
c:\users\usuario\desktop\finalcompiladores\projectfinal\bin\intermediates\win32\debug\projectfinal.tlog\metagen.read.1.tlog
c:\users\usuario\desktop\finalcompiladores\projectfinal\bin\intermediates\win32\debug\projectfinal.tlog\metagen.write.1.tlog
c:\users\usuario\desktop\finalcompiladores\projectfinal\bin\intermediates\win32\debug\projectfinal.tlog\projectfinal.write.1u.tlog
